#
# There is insufficient memory for the Java Runtime Environment to continue.
# Native memory allocation (malloc) failed to allocate 1068016 bytes for Chunk::new
# Possible reasons:
#   The system is out of physical RAM or swap space
#   The process is running with CompressedOops enabled, and the Java Heap may be blocking the growth of the native heap
# Possible solutions:
#   Reduce memory load on the system
#   Increase physical memory or swap space
#   Check if swap backing store is full
#   Decrease Java heap size (-Xmx/-Xms)
#   Decrease number of Java threads
#   Decrease Java thread stack sizes (-Xss)
#   Set larger code cache with -XX:ReservedCodeCacheSize=
#   JVM is running with Unscaled Compressed Oops mode in which the Java heap is
#     placed in the first 4GB address space. The Java Heap base address is the
#     maximum limit for the native heap growth. Please use -XX:HeapBaseMinAddress
#     to set the Java Heap base and to place the Java Heap above 4GB virtual address.
# This output file may be truncated or incomplete.
#
#  Out of Memory Error (allocation.cpp:389), pid=266732, tid=0x0000000000040d8c
#
# JRE version: OpenJDK Runtime Environment (8.0_242-b01) (build 1.8.0_242-release-1644-b01)
# Java VM: OpenJDK 64-Bit Server VM (25.242-b01 mixed mode windows-amd64 compressed oops)
# Failed to write core dump. Minidumps are not enabled by default on client versions of Windows
#

---------------  T H R E A D  ---------------

Current thread (0x000000001671b000):  JavaThread "C2 CompilerThread1" daemon [_thread_in_native, id=265612, stack(0x0000000017eb0000,0x0000000017fb0000)]

Stack: [0x0000000017eb0000,0x0000000017fb0000]
[error occurred during error reporting (printing stack bounds), id 0xc0000005]

Native frames: (J=compiled Java code, j=interpreted, Vv=VM code, C=native code)


Current CompileTask:
C2: 180267 24470 %     4       com.android.tools.r8.u.c.M::a @ 153 (3068 bytes)


---------------  P R O C E S S  ---------------

Java Threads: ( => current thread )
  0x000000001e667800 JavaThread "WorkerExecutor Queue Thread 5" [_thread_in_Java, id=165596, stack(0x000000002e190000,0x000000002e290000)]
  0x000000001e66d000 JavaThread "WorkerExecutor Queue Thread 4" [_thread_in_Java, id=263888, stack(0x000000002de90000,0x000000002df90000)]
  0x000000001e665800 JavaThread "WorkerExecutor Queue Thread 3" [_thread_in_vm, id=263220, stack(0x000000002dd90000,0x000000002de90000)]
  0x000000001e66c000 JavaThread "WorkerExecutor Queue Thread 2" [_thread_blocked, id=265204, stack(0x000000002dc90000,0x000000002dd90000)]
  0x000000001e668800 JavaThread "ForkJoinPool.commonPool-worker-1" daemon [_thread_blocked, id=239948, stack(0x000000002c3c0000,0x000000002c4c0000)]
  0x000000001e664800 JavaThread "ForkJoinPool.commonPool-worker-3" daemon [_thread_blocked, id=269060, stack(0x0000000027d30000,0x0000000027e30000)]
  0x000000001e66b800 JavaThread "WorkerExecutor Queue" [_thread_in_native, id=261940, stack(0x00000000277b0000,0x00000000278b0000)]
  0x000000001e661000 JavaThread "Cache worker for Java compile cache (C:\Users\TNH\AndroidStudioProjects\SortirNice2022\.gradle\5.6.4\javaCompile)" [_thread_blocked, id=235292, stack(0x0000000024c80000,0x0000000024d80000)]
  0x000000001e661800 JavaThread "Cache worker for execution history cache (C:\Users\TNH\AndroidStudioProjects\SortirNice2022\.gradle\5.6.4\executionHistory)" [_thread_blocked, id=265916, stack(0x0000000023f80000,0x0000000024080000)]
  0x000000001e663000 JavaThread "Execution worker for ':' Thread 3" [_thread_blocked, id=256892, stack(0x0000000023c80000,0x0000000023d80000)]
  0x000000001e664000 JavaThread "Execution worker for ':' Thread 2" [_thread_blocked, id=252188, stack(0x0000000023b80000,0x0000000023c80000)]
  0x000000001e662800 JavaThread "Execution worker for ':'" [_thread_blocked, id=261812, stack(0x0000000023680000,0x0000000023780000)]
  0x000000001e65f800 JavaThread "Cache worker for file content cache (C:\Users\TNH\AndroidStudioProjects\SortirNice2022\.gradle\5.6.4\fileContent)" [_thread_blocked, id=219868, stack(0x0000000023200000,0x0000000023300000)]
  0x000000001a998000 JavaThread "Cache worker for Build Output Cleanup Cache (C:\Users\TNH\AndroidStudioProjects\SortirNice2022\.gradle\buildOutputCleanup)" [_thread_blocked, id=255444, stack(0x0000000022510000,0x0000000022610000)]
  0x000000001a997800 JavaThread "pool-6-thread-1" [_thread_blocked, id=268116, stack(0x0000000022000000,0x0000000022100000)]
  0x000000001a996800 JavaThread "Build operations Thread 4" [_thread_blocked, id=263000, stack(0x0000000021f00000,0x0000000022000000)]
  0x000000001a995000 JavaThread "Build operations Thread 3" [_thread_blocked, id=265468, stack(0x0000000021e00000,0x0000000021f00000)]
  0x000000001a993000 JavaThread "Build operations Thread 2" [_thread_blocked, id=267228, stack(0x0000000021d00000,0x0000000021e00000)]
  0x000000001a98d000 JavaThread "Build operations" [_thread_blocked, id=264056, stack(0x0000000021c00000,0x0000000021d00000)]
  0x000000001a991800 JavaThread "Cache worker for cache directory md-rule (C:\Users\TNH\.gradle\caches\5.6.4\md-rule)" [_thread_blocked, id=265360, stack(0x000000001c000000,0x000000001c100000)]
  0x000000001a993800 JavaThread "Cache worker for cache directory md-supplier (C:\Users\TNH\.gradle\caches\5.6.4\md-supplier)" [_thread_blocked, id=253184, stack(0x000000001bf00000,0x000000001c000000)]
  0x000000001a98a000 JavaThread "Cache worker for file hash cache (C:\Users\TNH\AndroidStudioProjects\SortirNice2022\.gradle\5.6.4\fileHashes)" [_thread_blocked, id=256744, stack(0x000000001be00000,0x000000001bf00000)]
  0x000000001a98b800 JavaThread "Thread-79" [_thread_blocked, id=262392, stack(0x000000001bc00000,0x000000001bd00000)]
  0x000000001a98a800 JavaThread "Stdin handler" [_thread_blocked, id=266372, stack(0x000000001b900000,0x000000001ba00000)]
  0x000000001a990800 JavaThread "Asynchronous log dispatcher for DefaultDaemonConnection: socket connection from /127.0.0.1:64690 to /127.0.0.1:64708" [_thread_blocked, id=262788, stack(0x0000000001120000,0x0000000001220000)]
  0x000000001a989000 JavaThread "Cancel handler" [_thread_blocked, id=262428, stack(0x0000000001020000,0x0000000001120000)]
  0x000000001a98f000 JavaThread "Handler for socket connection from /127.0.0.1:64690 to /127.0.0.1:64708" [_thread_in_native, id=266072, stack(0x0000000000f20000,0x0000000001020000)]
  0x000000001e660000 JavaThread "Cache worker for Java compile cache (C:\Users\TNH\.gradle\caches\5.6.4\javaCompile)" [_thread_blocked, id=250804, stack(0x0000000029fd0000,0x000000002a0d0000)]
  0x000000001a992000 JavaThread "Cache worker for file content cache (C:\Users\TNH\.gradle\caches\5.6.4\fileContent)" [_thread_blocked, id=256844, stack(0x0000000023380000,0x0000000023480000)]
  0x000000001a98c000 JavaThread "Memory manager" [_thread_blocked, id=260592, stack(0x0000000023100000,0x0000000023200000)]
  0x000000001a990000 JavaThread "Cache worker for execution history cache (C:\Users\TNH\.gradle\caches\5.6.4\executionHistory)" [_thread_blocked, id=219444, stack(0x0000000021900000,0x0000000021a00000)]
  0x0000000019d60000 JavaThread "Cache worker for journal cache (C:\Users\TNH\.gradle\caches\journal-1)" [_thread_blocked, id=252444, stack(0x000000001c500000,0x000000001c600000)]
  0x0000000019d61800 JavaThread "File lock request listener" [_thread_in_native, id=268268, stack(0x000000001c400000,0x000000001c500000)]
  0x0000000018cfa000 JavaThread "Cache worker for file hash cache (C:\Users\TNH\.gradle\caches\5.6.4\fileHashes)" [_thread_blocked, id=254756, stack(0x000000001c300000,0x000000001c400000)]
  0x000000001a109000 JavaThread "Daemon worker" [_thread_blocked, id=248504, stack(0x000000001bd00000,0x000000001be00000)]
  0x000000001a1bc800 JavaThread "Daemon" [_thread_blocked, id=259024, stack(0x000000001b800000,0x000000001b900000)]
  0x000000001a155800 JavaThread "Daemon periodic checks" [_thread_blocked, id=258300, stack(0x000000001b700000,0x000000001b800000)]
  0x000000001a153000 JavaThread "Incoming local TCP Connector on port 64690" [_thread_in_native, id=264872, stack(0x000000001b490000,0x000000001b590000)]
  0x000000001a099800 JavaThread "Daemon health stats" [_thread_blocked, id=265064, stack(0x000000001ae50000,0x000000001af50000)]
  0x000000001676e000 JavaThread "Service Thread" daemon [_thread_blocked, id=268808, stack(0x00000000184b0000,0x00000000185b0000)]
  0x000000001672c800 JavaThread "C1 CompilerThread2" daemon [_thread_blocked, id=267804, stack(0x0000000017fb0000,0x00000000180b0000)]
=>0x000000001671b000 JavaThread "C2 CompilerThread1" daemon [_thread_in_native, id=265612, stack(0x0000000017eb0000,0x0000000017fb0000)]
  0x0000000016712800 JavaThread "C2 CompilerThread0" daemon [_thread_blocked, id=264276, stack(0x0000000017db0000,0x0000000017eb0000)]
  0x0000000016718000 JavaThread "Attach Listener" daemon [_thread_blocked, id=262240, stack(0x0000000017cb0000,0x0000000017db0000)]
  0x0000000016717000 JavaThread "Signal Dispatcher" daemon [_thread_blocked, id=261264, stack(0x0000000017bb0000,0x0000000017cb0000)]
  0x0000000002d9c800 JavaThread "Finalizer" daemon [_thread_blocked, id=267360, stack(0x0000000017980000,0x0000000017a80000)]
  0x00000000166f9000 JavaThread "Reference Handler" daemon [_thread_blocked, id=267132, stack(0x0000000017880000,0x0000000017980000)]
  0x000000000129e000 JavaThread "main" [_thread_blocked, id=259620, stack(0x0000000002b60000,0x0000000002c60000)]

Other Threads:
  0x00000000166d7000 VMThread [stack: 0x0000000017780000,0x0000000017880000] [id=256532]
  0x00000000180da000 WatcherThread [stack: 0x00000000185b0000,0x00000000186b0000] [id=268368]

VM state:at safepoint (normal execution)

VM Mutex/Monitor currently owned by a thread:  ([mutex/lock_event])
[0x000000000129d440] Safepoint_lock - owner thread: 0x00000000166d7000
[0x000000000129d1c0] Threads_lock - owner thread: 0x00000000166d7000

heap address: 0x00000000a0000000, size: 1536 MB, Compressed Oops mode: 32-bit
Narrow klass base: 0x0000000000000000, Narrow klass shift: 3
Compressed class space size: 1073741824 Address: 0x0000000100000000

Heap:
 PSYoungGen      total 419328K, used 97869K [0x00000000e0000000, 0x0000000100000000, 0x0000000100000000)
  eden space 367616K, 26% used [0x00000000e0000000,0x00000000e5f93590,0x00000000f6700000)
  from space 51712K, 0% used [0x00000000f6700000,0x00000000f6700000,0x00000000f9980000)
  to   space 81408K, 0% used [0x00000000fb080000,0x00000000fb080000,0x0000000100000000)
 ParOldGen       total 284672K, used 96304K [0x00000000a0000000, 0x00000000b1600000, 0x00000000e0000000)
  object space 284672K, 33% used [0x00000000a0000000,0x00000000a5e0c3e0,0x00000000b1600000)
 Metaspace       used 133338K, capacity 136896K, committed 137048K, reserved 1165312K
  class space    used 19521K, capacity 20259K, committed 20312K, reserved 1048576K

Card table byte_map: [0x0000000012160000,0x0000000012470000] byte_map_base: 0x0000000011c60000

Marking Bits: (ParMarkBitMap*) 0x000000005d03f030
 Begin Bits: [0x0000000012a70000, 0x0000000014270000)
 End Bits:   [0x0000000014270000, 0x0000000015a70000)

Polling page: 0x0000000001300000

CodeCache: size=245760Kb used=71334Kb max_used=71346Kb free=174425Kb
 bounds [0x0000000002da0000, 0x00000000073b0000, 0x0000000011da0000]
 total_blobs=20185 nmethods=19242 adapters=852
 compilation: enabled

Compilation events (10 events):
Event: 180.251 Thread 0x000000001672c800 nmethod 24615 0x000000000739b050 code [0x000000000739b1a0, 0x000000000739b350]
Event: 180.252 Thread 0x000000001672c800 24616       3       com.android.tools.r8.u.b.k0::J (2 bytes)
Event: 180.252 Thread 0x000000001672c800 nmethod 24616 0x0000000007387b50 code [0x0000000007387ca0, 0x0000000007387df0]
Event: 180.252 Thread 0x0000000016712800 24617       4       java.util.IdentityHashMap$KeySet::<init> (6 bytes)
Event: 180.253 Thread 0x0000000016712800 nmethod 24617 0x00000000072d6b50 code [0x00000000072d6c80, 0x00000000072d6cf8]
Event: 180.253 Thread 0x000000001672c800 24618       3       com.android.tools.r8.code.x1::<init> (16 bytes)
Event: 180.254 Thread 0x000000001672c800 nmethod 24618 0x0000000007387790 code [0x0000000007387900, 0x0000000007387aa8]
Event: 180.254 Thread 0x000000001672c800 24619       3       com.google.common.util.concurrent.FluentFuture$TrustedFuture::get (5 bytes)
Event: 180.254 Thread 0x000000001672c800 nmethod 24619 0x0000000007387410 code [0x0000000007387580, 0x0000000007387708]
Event: 180.263 Thread 0x000000001672c800 24620       3       com.android.tools.r8.v.a.a.a.f.o::iterator (5 bytes)

GC Heap History (10 events):
Event: 101.506 GC heap before
{Heap before GC invocations=28 (full 4):
 PSYoungGen      total 471040K, used 431600K [0x00000000e0000000, 0x0000000100000000, 0x0000000100000000)
  eden space 417792K, 100% used [0x00000000e0000000,0x00000000f9800000,0x00000000f9800000)
  from space 53248K, 25% used [0x00000000f9800000,0x00000000fa57c090,0x00000000fcc00000)
  to   space 51712K, 0% used [0x00000000fcd80000,0x00000000fcd80000,0x0000000100000000)
 ParOldGen       total 231936K, used 141772K [0x00000000a0000000, 0x00000000ae280000, 0x00000000e0000000)
  object space 231936K, 61% used [0x00000000a0000000,0x00000000a8a730d8,0x00000000ae280000)
 Metaspace       used 101321K, capacity 103978K, committed 104152K, reserved 1138688K
  class space    used 13421K, capacity 14008K, committed 14040K, reserved 1048576K
Event: 101.550 GC heap after
Heap after GC invocations=28 (full 4):
 PSYoungGen      total 465408K, used 23617K [0x00000000e0000000, 0x00000000ffa80000, 0x0000000100000000)
  eden space 419328K, 0% used [0x00000000e0000000,0x00000000e0000000,0x00000000f9980000)
  from space 46080K, 51% used [0x00000000fcd80000,0x00000000fe490768,0x00000000ffa80000)
  to   space 49664K, 0% used [0x00000000f9980000,0x00000000f9980000,0x00000000fca00000)
 ParOldGen       total 231936K, used 141780K [0x00000000a0000000, 0x00000000ae280000, 0x00000000e0000000)
  object space 231936K, 61% used [0x00000000a0000000,0x00000000a8a750d8,0x00000000ae280000)
 Metaspace       used 101321K, capacity 103978K, committed 104152K, reserved 1138688K
  class space    used 13421K, capacity 14008K, committed 14040K, reserved 1048576K
}
Event: 139.805 GC heap before
{Heap before GC invocations=29 (full 4):
 PSYoungGen      total 465408K, used 442945K [0x00000000e0000000, 0x00000000ffa80000, 0x0000000100000000)
  eden space 419328K, 100% used [0x00000000e0000000,0x00000000f9980000,0x00000000f9980000)
  from space 46080K, 51% used [0x00000000fcd80000,0x00000000fe490768,0x00000000ffa80000)
  to   space 49664K, 0% used [0x00000000f9980000,0x00000000f9980000,0x00000000fca00000)
 ParOldGen       total 231936K, used 141780K [0x00000000a0000000, 0x00000000ae280000, 0x00000000e0000000)
  object space 231936K, 61% used [0x00000000a0000000,0x00000000a8a750d8,0x00000000ae280000)
 Metaspace       used 112233K, capacity 114996K, committed 115288K, reserved 1148928K
  class space    used 15830K, capacity 16429K, committed 16472K, reserved 1048576K
Event: 139.971 GC heap after
Heap after GC invocations=29 (full 4):
 PSYoungGen      total 466432K, used 46724K [0x00000000e0000000, 0x0000000100000000, 0x0000000100000000)
  eden space 419328K, 0% used [0x00000000e0000000,0x00000000e0000000,0x00000000f9980000)
  from space 47104K, 99% used [0x00000000f9980000,0x00000000fc721230,0x00000000fc780000)
  to   space 56320K, 0% used [0x00000000fc900000,0x00000000fc900000,0x0000000100000000)
 ParOldGen       total 231936K, used 141788K [0x00000000a0000000, 0x00000000ae280000, 0x00000000e0000000)
  object space 231936K, 61% used [0x00000000a0000000,0x00000000a8a770d8,0x00000000ae280000)
 Metaspace       used 112233K, capacity 114996K, committed 115288K, reserved 1148928K
  class space    used 15830K, capacity 16429K, committed 16472K, reserved 1048576K
}
Event: 157.432 GC heap before
{Heap before GC invocations=30 (full 4):
 PSYoungGen      total 466432K, used 466052K [0x00000000e0000000, 0x0000000100000000, 0x0000000100000000)
  eden space 419328K, 100% used [0x00000000e0000000,0x00000000f9980000,0x00000000f9980000)
  from space 47104K, 99% used [0x00000000f9980000,0x00000000fc721230,0x00000000fc780000)
  to   space 56320K, 0% used [0x00000000fc900000,0x00000000fc900000,0x0000000100000000)
 ParOldGen       total 231936K, used 141788K [0x00000000a0000000, 0x00000000ae280000, 0x00000000e0000000)
  object space 231936K, 61% used [0x00000000a0000000,0x00000000a8a770d8,0x00000000ae280000)
 Metaspace       used 124053K, capacity 126834K, committed 127064K, reserved 1157120K
  class space    used 18338K, capacity 18940K, committed 19032K, reserved 1048576K
Event: 157.552 GC heap after
Heap after GC invocations=30 (full 4):
 PSYoungGen      total 423936K, used 56289K [0x00000000e0000000, 0x0000000100000000, 0x0000000100000000)
  eden space 367616K, 0% used [0x00000000e0000000,0x00000000e0000000,0x00000000f6700000)
  from space 56320K, 99% used [0x00000000fc900000,0x00000000ffff8678,0x0000000100000000)
  to   space 78336K, 0% used [0x00000000f6700000,0x00000000f6700000,0x00000000fb380000)
 ParOldGen       total 231936K, used 178576K [0x00000000a0000000, 0x00000000ae280000, 0x00000000e0000000)
  object space 231936K, 76% used [0x00000000a0000000,0x00000000aae640d8,0x00000000ae280000)
 Metaspace       used 124053K, capacity 126834K, committed 127064K, reserved 1157120K
  class space    used 18338K, capacity 18940K, committed 19032K, reserved 1048576K
}
Event: 172.769 GC heap before
{Heap before GC invocations=31 (full 4):
 PSYoungGen      total 423936K, used 423905K [0x00000000e0000000, 0x0000000100000000, 0x0000000100000000)
  eden space 367616K, 100% used [0x00000000e0000000,0x00000000f6700000,0x00000000f6700000)
  from space 56320K, 99% used [0x00000000fc900000,0x00000000ffff8678,0x0000000100000000)
  to   space 78336K, 0% used [0x00000000f6700000,0x00000000f6700000,0x00000000fb380000)
 ParOldGen       total 231936K, used 178576K [0x00000000a0000000, 0x00000000ae280000, 0x00000000e0000000)
  object space 231936K, 76% used [0x00000000a0000000,0x00000000aae640d8,0x00000000ae280000)
 Metaspace       used 127699K, capacity 130824K, committed 131160K, reserved 1161216K
  class space    used 18795K, capacity 19447K, committed 19544K, reserved 1048576K
Event: 172.893 GC heap after
Heap after GC invocations=31 (full 4):
 PSYoungGen      total 419328K, used 51228K [0x00000000e0000000, 0x0000000100000000, 0x0000000100000000)
  eden space 367616K, 0% used [0x00000000e0000000,0x00000000e0000000,0x00000000f6700000)
  from space 51712K, 99% used [0x00000000f6700000,0x00000000f99070f8,0x00000000f9980000)
  to   space 81408K, 0% used [0x00000000fb080000,0x00000000fb080000,0x0000000100000000)
 ParOldGen       total 231936K, used 199700K [0x00000000a0000000, 0x00000000ae280000, 0x00000000e0000000)
  object space 231936K, 86% used [0x00000000a0000000,0x00000000ac305138,0x00000000ae280000)
 Metaspace       used 127699K, capacity 130824K, committed 131160K, reserved 1161216K
  class space    used 18795K, capacity 19447K, committed 19544K, reserved 1048576K
}
Event: 172.893 GC heap before
{Heap before GC invocations=32 (full 5):
 PSYoungGen      total 419328K, used 51228K [0x00000000e0000000, 0x0000000100000000, 0x0000000100000000)
  eden space 367616K, 0% used [0x00000000e0000000,0x00000000e0000000,0x00000000f6700000)
  from space 51712K, 99% used [0x00000000f6700000,0x00000000f99070f8,0x00000000f9980000)
  to   space 81408K, 0% used [0x00000000fb080000,0x00000000fb080000,0x0000000100000000)
 ParOldGen       total 231936K, used 199700K [0x00000000a0000000, 0x00000000ae280000, 0x00000000e0000000)
  object space 231936K, 86% used [0x00000000a0000000,0x00000000ac305138,0x00000000ae280000)
 Metaspace       used 127699K, capacity 130824K, committed 131160K, reserved 1161216K
  class space    used 18795K, capacity 19447K, committed 19544K, reserved 1048576K
Event: 176.034 GC heap after
Heap after GC invocations=32 (full 5):
 PSYoungGen      total 419328K, used 0K [0x00000000e0000000, 0x0000000100000000, 0x0000000100000000)
  eden space 367616K, 0% used [0x00000000e0000000,0x00000000e0000000,0x00000000f6700000)
  from space 51712K, 0% used [0x00000000f6700000,0x00000000f6700000,0x00000000f9980000)
  to   space 81408K, 0% used [0x00000000fb080000,0x00000000fb080000,0x0000000100000000)
 ParOldGen       total 284672K, used 96304K [0x00000000a0000000, 0x00000000b1600000, 0x00000000e0000000)
  object space 284672K, 33% used [0x00000000a0000000,0x00000000a5e0c3e0,0x00000000b1600000)
 Metaspace       used 127671K, capacity 130750K, committed 131160K, reserved 1161216K
  class space    used 18785K, capacity 19430K, committed 19544K, reserved 1048576K
}

Deoptimization events (10 events):
Event: 179.220 Thread 0x000000001e667800 Uncommon trap: reason=unstable_if action=reinterpret pc=0x000000000723d298 method=com.android.tools.r8.ir.regalloc.LinearScanRegisterAllocator.a(I)I @ 12
Event: 179.221 Thread 0x000000001e667800 Uncommon trap: reason=unstable_if action=reinterpret pc=0x00000000071976b4 method=com.android.tools.r8.ir.regalloc.LinearScanRegisterAllocator.a(I)I @ 12
Event: 179.248 Thread 0x000000001e667800 Uncommon trap: reason=unstable_if action=reinterpret pc=0x0000000007120484 method=com.android.tools.r8.ir.regalloc.a.c(I)Lcom/android/tools/r8/ir/regalloc/a; @ 38
Event: 179.508 Thread 0x000000001e66d000 Uncommon trap: reason=unstable_if action=reinterpret pc=0x000000000728ad44 method=com.android.tools.r8.ir.regalloc.a.compareTo(Ljava/lang/Object;)I @ 88
Event: 180.073 Thread 0x000000001e665800 Uncommon trap: reason=bimorphic action=maybe_recompile pc=0x00000000072aea44 method=com.android.tools.r8.u.b.g1.k()Lcom/android/tools/r8/u/b/v; @ 28
Event: 180.074 Thread 0x000000001e665800 Uncommon trap: reason=bimorphic action=maybe_recompile pc=0x00000000072aea44 method=com.android.tools.r8.u.b.g1.k()Lcom/android/tools/r8/u/b/v; @ 28
Event: 180.075 Thread 0x000000001e665800 Uncommon trap: reason=bimorphic action=maybe_recompile pc=0x00000000072aea44 method=com.android.tools.r8.u.b.g1.k()Lcom/android/tools/r8/u/b/v; @ 28
Event: 180.095 Thread 0x000000001e665800 Uncommon trap: reason=unstable_if action=reinterpret pc=0x0000000007155588 method=com.android.tools.r8.u.c.o.a(Lcom/android/tools/r8/u/c/M;IZ)V @ 534
Event: 180.095 Thread 0x000000001e665800 Uncommon trap: reason=unstable_if action=reinterpret pc=0x00000000071cbbd4 method=com.android.tools.r8.v.a.a.a.f.c0.get(I)Ljava/lang/Object; @ 85
Event: 180.095 Thread 0x000000001e665800 Uncommon trap: reason=unstable_if action=reinterpret pc=0x00000000071b76f4 method=com.android.tools.r8.v.a.a.a.f.c0.get(I)Ljava/lang/Object; @ 85

Classes redefined (0 events):
No events

Internal exceptions (10 events):
Event: 169.932 Thread 0x000000001e66b800 Exception <a 'java/lang/NoSuchMethodError': java.lang.Object.lambda$asRunnable$0(Lcom/android/tools/build/apkzlib/utils/IOExceptionRunnable;)V> (0x00000000f252f170) thrown at [C:\src\AOSP-openjdk-git\hotspot\src\share\vm\interpreter\linkResolver.cpp, line
Event: 170.272 Thread 0x000000001e66b800 Exception <a 'java/lang/NoSuchMethodError': java.lang.Object.newSystemTemporaryDirectory()Lcom/android/tools/build/apkzlib/bytestorage/TemporaryDirectory;> (0x00000000f2f5f838) thrown at [C:\src\AOSP-openjdk-git\hotspot\src\share\vm\interpreter\linkResolv
Event: 170.329 Thread 0x000000001e663000 Implicit null exception at 0x00000000050b1d56 to 0x00000000050b3089
Event: 171.433 Thread 0x000000001e668800 Exception <a 'java/lang/NoSuchMethodError': java.lang.Object.lambda$static$0(Ljava/lang/String;)Z> (0x00000000f3814f38) thrown at [C:\src\AOSP-openjdk-git\hotspot\src\share\vm\interpreter\linkResolver.cpp, line 620]
Event: 172.224 Thread 0x000000001a109000 Exception <a 'java/lang/NoSuchMethodError': <clinit>> (0x00000000f3567b70) thrown at [C:\src\AOSP-openjdk-git\hotspot\src\share\vm\prims\jni.cpp, line 1615]
Event: 172.358 Thread 0x000000001e662800 Exception <a 'java/lang/NoSuchMethodError': <clinit>> (0x00000000f48b1c70) thrown at [C:\src\AOSP-openjdk-git\hotspot\src\share\vm\prims\jni.cpp, line 1615]
Event: 172.596 Thread 0x000000001e662800 Exception <a 'sun/nio/fs/WindowsException'> (0x00000000f59d2958) thrown at [C:\src\AOSP-openjdk-git\hotspot\src\share\vm\prims\jni.cpp, line 710]
Event: 172.645 Thread 0x000000001e662800 Exception <a 'java/lang/NoSuchMethodError': <clinit>> (0x00000000f5db5788) thrown at [C:\src\AOSP-openjdk-git\hotspot\src\share\vm\prims\jni.cpp, line 1615]
Event: 172.647 Thread 0x000000001e662800 Exception <a 'java/lang/NoSuchMethodError': <clinit>> (0x00000000f5dca178) thrown at [C:\src\AOSP-openjdk-git\hotspot\src\share\vm\prims\jni.cpp, line 1615]
Event: 176.712 Thread 0x000000001e66d000 Exception <a 'java/lang/NoSuchMethodError': java.lang.Object.lambda$maxBy$1(Ljava/util/Comparator;Ljava/lang/Object;Ljava/lang/Object;)Ljava/lang/Object;> (0x00000000e284ff08) thrown at [C:\src\AOSP-openjdk-git\hotspot\src\share\vm\interpreter\linkResolve

Events (10 events):
Event: 180.260 loading class com/android/tools/r8/u/d/n
Event: 180.260 loading class com/android/tools/r8/u/d/n done
Event: 180.261 loading class com/android/tools/r8/u/d/t
Event: 180.261 loading class com/android/tools/r8/u/d/t done
Event: 180.261 loading class com/android/tools/r8/s/a/a/b/q
Event: 180.261 loading class com/android/tools/r8/s/a/a/b/q done
Event: 180.262 loading class com/android/tools/r8/s/a/a/b/W$a
Event: 180.262 loading class com/android/tools/r8/s/a/a/b/W$a done
Event: 180.262 loading class com/android/tools/r8/s/a/a/b/W$a
Event: 180.262 loading class com/android/tools/r8/s/a/a/b/W$a done


Dynamic libraries:
0x00007ff7e7e30000 - 0x00007ff7e7e61000 	C:\Program Files\Android\Android Studio\jre\bin\java.exe
0x00007fff943f0000 - 0x00007fff945e5000 	C:\WINDOWS\SYSTEM32\ntdll.dll
0x00007fff94030000 - 0x00007fff940ee000 	C:\WINDOWS\System32\KERNEL32.DLL
0x00007fff91b00000 - 0x00007fff91dc8000 	C:\WINDOWS\System32\KERNELBASE.dll
0x00007fff92a50000 - 0x00007fff92afc000 	C:\WINDOWS\System32\ADVAPI32.dll
0x00007fff92f80000 - 0x00007fff9301e000 	C:\WINDOWS\System32\msvcrt.dll
0x00007fff925b0000 - 0x00007fff9264b000 	C:\WINDOWS\System32\sechost.dll
0x00007fff92890000 - 0x00007fff929ba000 	C:\WINDOWS\System32\RPCRT4.dll
0x00007fff93580000 - 0x00007fff93721000 	C:\WINDOWS\System32\USER32.dll
0x00007fff92090000 - 0x00007fff920b2000 	C:\WINDOWS\System32\win32u.dll
0x00007fff931e0000 - 0x00007fff9320b000 	C:\WINDOWS\System32\GDI32.dll
0x00007fff91e20000 - 0x00007fff91f2d000 	C:\WINDOWS\System32\gdi32full.dll
0x00007fff920f0000 - 0x00007fff9218d000 	C:\WINDOWS\System32\msvcp_win.dll
0x00007fff91f90000 - 0x00007fff92090000 	C:\WINDOWS\System32\ucrtbase.dll
0x00007fff90e70000 - 0x00007fff9110a000 	C:\WINDOWS\WinSxS\amd64_microsoft.windows.common-controls_6595b64144ccf1df_6.0.19041.1110_none_60b5254171f9507e\COMCTL32.dll
0x00007fff94310000 - 0x00007fff94340000 	C:\WINDOWS\System32\IMM32.DLL
0x000000005d630000 - 0x000000005d702000 	C:\Program Files\Android\Android Studio\jre\jre\bin\msvcr100.dll
0x000000005c870000 - 0x000000005d0bb000 	C:\Program Files\Android\Android Studio\jre\jre\bin\server\jvm.dll
0x00007fff931d0000 - 0x00007fff931d8000 	C:\WINDOWS\System32\PSAPI.DLL
0x00007fff7c230000 - 0x00007fff7c239000 	C:\WINDOWS\SYSTEM32\WSOCK32.dll
0x00007fff7d560000 - 0x00007fff7d56a000 	C:\WINDOWS\SYSTEM32\VERSION.dll
0x00007fff7c2c0000 - 0x00007fff7c2e7000 	C:\WINDOWS\SYSTEM32\WINMM.dll
0x00007fff94340000 - 0x00007fff943ab000 	C:\WINDOWS\System32\WS2_32.dll
0x00007fff8f4f0000 - 0x00007fff8f4ff000 	C:\Program Files\Android\Android Studio\jre\jre\bin\verify.dll
0x00007fff8f450000 - 0x00007fff8f479000 	C:\Program Files\Android\Android Studio\jre\jre\bin\java.dll
0x00007fff8f380000 - 0x00007fff8f396000 	C:\Program Files\Android\Android Studio\jre\jre\bin\zip.dll
0x00007fff93740000 - 0x00007fff93e84000 	C:\WINDOWS\System32\SHELL32.dll
0x00007fff8f5a0000 - 0x00007fff8fd34000 	C:\WINDOWS\SYSTEM32\windows.storage.dll
0x00007fff93210000 - 0x00007fff93565000 	C:\WINDOWS\System32\combase.dll
0x00007fff90e00000 - 0x00007fff90e2e000 	C:\WINDOWS\SYSTEM32\Wldp.dll
0x00007fff93f60000 - 0x00007fff9400d000 	C:\WINDOWS\System32\SHCORE.dll
0x00007fff92430000 - 0x00007fff92485000 	C:\WINDOWS\System32\shlwapi.dll
0x00007fff91a40000 - 0x00007fff91a5f000 	C:\WINDOWS\SYSTEM32\profapi.dll
0x00007fff8f0a0000 - 0x00007fff8f0ba000 	C:\Program Files\Android\Android Studio\jre\jre\bin\net.dll
0x00007fff90cd0000 - 0x00007fff90d3a000 	C:\WINDOWS\system32\mswsock.dll
0x00007fff8eff0000 - 0x00007fff8f003000 	C:\Program Files\Android\Android Studio\jre\jre\bin\nio.dll
0x00007fff801d0000 - 0x00007fff801f6000 	C:\Users\TNH\.gradle\native\30\windows-amd64\native-platform.dll
0x00007fff8f4e0000 - 0x00007fff8f4ed000 	C:\Program Files\Android\Android Studio\jre\jre\bin\management.dll
0x00007fff917b0000 - 0x00007fff917c8000 	C:\WINDOWS\SYSTEM32\CRYPTSP.dll
0x00007fff90500000 - 0x00007fff90534000 	C:\WINDOWS\system32\rsaenh.dll
0x00007fff920c0000 - 0x00007fff920e7000 	C:\WINDOWS\System32\bcrypt.dll
0x00007fff919b0000 - 0x00007fff919de000 	C:\WINDOWS\SYSTEM32\USERENV.dll
0x00007fff92240000 - 0x00007fff922c2000 	C:\WINDOWS\System32\bcryptprimitives.dll
0x00007fff90df0000 - 0x00007fff90dfc000 	C:\WINDOWS\SYSTEM32\CRYPTBASE.dll
0x00007fff90850000 - 0x00007fff9088b000 	C:\WINDOWS\SYSTEM32\IPHLPAPI.DLL
0x00007fff93570000 - 0x00007fff93578000 	C:\WINDOWS\System32\NSI.dll
0x00007fff859a0000 - 0x00007fff859b7000 	C:\WINDOWS\SYSTEM32\dhcpcsvc6.DLL
0x00007fff85a70000 - 0x00007fff85a8d000 	C:\WINDOWS\SYSTEM32\dhcpcsvc.DLL
0x00007fff90890000 - 0x00007fff9095b000 	C:\WINDOWS\SYSTEM32\DNSAPI.dll

VM Arguments:
jvm_args: -Xmx1536m -Dfile.encoding=windows-1252 -Duser.country=FR -Duser.language=fr -Duser.variant 
java_command: org.gradle.launcher.daemon.bootstrap.GradleDaemon 5.6.4
java_class_path (initial): C:\Users\TNH\.gradle\wrapper\dists\gradle-5.6.4-all\ankdp27end7byghfw1q2sw75f\gradle-5.6.4\lib\gradle-launcher-5.6.4.jar
Launcher Type: SUN_STANDARD

Environment Variables:
JAVA_HOME=C:\Program Files\Java\jdk-11.0.2
PATH=C:\Program Files (x86)\Common Files\Oracle\Java\javapath;C:\Program Files (x86)\Intel\iCLS Client\;C:\Program Files\Intel\iCLS Client\;C:\Windows\system32;C:\Windows;C:\Windows\System32\Wbem;C:\Windows\System32\WindowsPowerShell\v1.0\;C:\Program Files (x86)\Acer\abFiles\;C:\Program Files\Intel\WiFi\bin\;C:\Program Files\Common Files\Intel\WirelessCommon\;C:\WINDOWS\system32;C:\WINDOWS;C:\WINDOWS\System32\Wbem;C:\WINDOWS\System32\WindowsPowerShell\v1.0\;C:\Program Files\Intel\Intel(R) Management Engine Components\DAL;C:\Program Files\Intel\Intel(R) Management Engine Components\IPT;C:\Program Files (x86)\Skype\Phone\;C:\WINDOWS\System32\OpenSSH\;C:\Program Files (x86)\Calibre2\;C:\Program Files\Git\cmd;C:\Program Files\Java\jdk-11.0.2\bin;C:\Program Files\nodejs\;C:\Users\TNH\AppData\Local\Programs\Python\Python37-32\Scripts\;C:\Users\TNH\AppData\Local\Programs\Python\Python37-32\;C:\Program Files\Java\jdk-11.0.2\bin;C:\Users\TNH\AppData\Local\Microsoft\WindowsApps;C:\Users\TNH\AppData\Local\Programs\Microsoft VS Code\bin;C:\Users\TNH\AppData\Roaming\npm;C:\Users\TNH\grails-4.0.6\bin;C:\Users\TNH\grails-4.0.6;
USERNAME=TNH
OS=Windows_NT
PROCESSOR_IDENTIFIER=Intel64 Family 6 Model 61 Stepping 4, GenuineIntel



---------------  S Y S T E M  ---------------

OS: Windows 10.0 , 64 bit Build 19041 (10.0.19041.1348)

CPU:total 4 (initial active 4) (2 cores per cpu, 2 threads per core) family 6 model 61 stepping 4, cmov, cx8, fxsr, mmx, sse, sse2, sse3, ssse3, sse4.1, sse4.2, popcnt, avx, avx2, aes, clmul, erms, 3dnowpref, lzcnt, ht, tsc, tscinvbit, bmi1, bmi2, adx

Memory: 4k page, physical 8301904k(343696k free), swap 18541904k(4812k free)

vm_info: OpenJDK 64-Bit Server VM (25.242-b01) for windows-amd64 JRE (1.8.0_242-release-1644-b01), built by "builder" with MS VC++ 10.0 (VS2010)

time: Thu Jan 20 16:21:56 2022
timezone: Paris, Madrid
elapsed time: 180 seconds (0d 0h 3m 0s)

