#
# There is insufficient memory for the Java Runtime Environment to continue.
# Native memory allocation (malloc) failed to allocate 1056016 bytes for Chunk::new
# Possible reasons:
#   The system is out of physical RAM or swap space
#   The process is running with CompressedOops enabled, and the Java Heap may be blocking the growth of the native heap
# Possible solutions:
#   Reduce memory load on the system
#   Increase physical memory or swap space
#   Check if swap backing store is full
#   Decrease Java heap size (-Xmx/-Xms)
#   Decrease number of Java threads
#   Decrease Java thread stack sizes (-Xss)
#   Set larger code cache with -XX:ReservedCodeCacheSize=
#   JVM is running with Unscaled Compressed Oops mode in which the Java heap is
#     placed in the first 4GB address space. The Java Heap base address is the
#     maximum limit for the native heap growth. Please use -XX:HeapBaseMinAddress
#     to set the Java Heap base and to place the Java Heap above 4GB virtual address.
# This output file may be truncated or incomplete.
#
#  Out of Memory Error (allocation.cpp:389), pid=279632, tid=0x0000000000043ad0
#
# JRE version: OpenJDK Runtime Environment (8.0_242-b01) (build 1.8.0_242-release-1644-b01)
# Java VM: OpenJDK 64-Bit Server VM (25.242-b01 mixed mode windows-amd64 compressed oops)
# Failed to write core dump. Minidumps are not enabled by default on client versions of Windows
#

---------------  T H R E A D  ---------------

Current thread (0x00000000169e2800):  JavaThread "C2 CompilerThread0" daemon [_thread_in_native, id=277200, stack(0x0000000018070000,0x0000000018170000)]

Stack: [0x0000000018070000,0x0000000018170000]
[error occurred during error reporting (printing stack bounds), id 0xc0000005]

Native frames: (J=compiled Java code, j=interpreted, Vv=VM code, C=native code)


Current CompileTask:
C2: 643764 18779   !   4       com.sun.tools.javac.file.JavacFileManager::listContainer (94 bytes)


---------------  P R O C E S S  ---------------

Java Threads: ( => current thread )
  0x0000000019a3c800 JavaThread "Cache worker for Java compile cache (C:\Users\TNH\AndroidStudioProjects\SortirNice2021\.gradle\5.6.4\javaCompile)" [_thread_blocked, id=281892, stack(0x000000002c120000,0x000000002c220000)]
  0x0000000019988800 JavaThread "Cache worker for Java compile cache (C:\Users\TNH\.gradle\caches\5.6.4\javaCompile)" [_thread_blocked, id=275800, stack(0x000000002c020000,0x000000002c120000)]
  0x0000000019982800 JavaThread "WorkerExecutor Queue Thread 3" [_thread_blocked, id=281972, stack(0x000000002bb10000,0x000000002bc10000)]
  0x0000000019982000 JavaThread "WorkerExecutor Queue Thread 2" [_thread_blocked, id=276492, stack(0x000000002b6b0000,0x000000002b7b0000)]
  0x0000000019988000 JavaThread "stdout" [_thread_in_native, id=282528, stack(0x000000002ba10000,0x000000002bb10000)]
  0x000000001997f800 JavaThread "stderr" [_thread_in_native, id=282500, stack(0x0000000028f60000,0x0000000029060000)]
  0x0000000019986800 JavaThread "pool-5-thread-1" [_thread_blocked, id=282212, stack(0x00000000290a0000,0x00000000291a0000)]
  0x0000000019985800 JavaThread "WorkerExecutor Queue" [_thread_blocked, id=270240, stack(0x0000000023c20000,0x0000000023d20000)]
  0x000000001997e000 JavaThread "Cache worker for execution history cache (C:\Users\TNH\AndroidStudioProjects\SortirNice2021\.gradle\5.6.4\executionHistory)" [_thread_blocked, id=281608, stack(0x0000000023b20000,0x0000000023c20000)]
  0x0000000019985000 JavaThread "Execution worker for ':' Thread 3" [_thread_blocked, id=282144, stack(0x0000000023a20000,0x0000000023b20000)]
  0x000000001997f000 JavaThread "Execution worker for ':' Thread 2" [_thread_blocked, id=282072, stack(0x0000000023920000,0x0000000023a20000)]
  0x00000000202be800 JavaThread "Execution worker for ':'" [_thread_in_native, id=282120, stack(0x0000000023820000,0x0000000023920000)]
  0x00000000202bd800 JavaThread "Cache worker for file content cache (C:\Users\TNH\AndroidStudioProjects\SortirNice2021\.gradle\5.6.4\fileContent)" [_thread_blocked, id=281904, stack(0x0000000022f20000,0x0000000023020000)]
  0x00000000202b6000 JavaThread "Cache worker for Build Output Cleanup Cache (C:\Users\TNH\AndroidStudioProjects\SortirNice2021\.gradle\buildOutputCleanup)" [_thread_blocked, id=281916, stack(0x0000000022740000,0x0000000022840000)]
  0x00000000202bd000 JavaThread "pool-4-thread-1" [_thread_blocked, id=281884, stack(0x0000000022380000,0x0000000022480000)]
  0x00000000202b5000 JavaThread "Build operations Thread 4" [_thread_blocked, id=281832, stack(0x0000000022280000,0x0000000022380000)]
  0x00000000202bb000 JavaThread "Build operations Thread 3" [_thread_blocked, id=281852, stack(0x0000000021c50000,0x0000000021d50000)]
  0x00000000202b9800 JavaThread "Build operations Thread 2" [_thread_blocked, id=281664, stack(0x0000000021650000,0x0000000021750000)]
  0x00000000202bc000 JavaThread "Build operations" [_thread_blocked, id=276552, stack(0x0000000021150000,0x0000000021250000)]
  0x00000000202ba800 JavaThread "Cache worker for cache directory md-rule (C:\Users\TNH\.gradle\caches\5.6.4\md-rule)" [_thread_blocked, id=281876, stack(0x0000000021050000,0x0000000021150000)]
  0x00000000202b4800 JavaThread "Cache worker for cache directory md-supplier (C:\Users\TNH\.gradle\caches\5.6.4\md-supplier)" [_thread_blocked, id=281964, stack(0x000000001fa80000,0x000000001fb80000)]
  0x00000000202b2000 JavaThread "Cache worker for file hash cache (C:\Users\TNH\AndroidStudioProjects\SortirNice2021\.gradle\5.6.4\fileHashes)" [_thread_blocked, id=281804, stack(0x000000001ef50000,0x000000001f050000)]
  0x00000000202b3000 JavaThread "Thread-41" [_thread_blocked, id=281840, stack(0x000000001db90000,0x000000001dc90000)]
  0x00000000202b7800 JavaThread "Asynchronous log dispatcher for DefaultDaemonConnection: socket connection from /127.0.0.1:49171 to /127.0.0.1:49257" [_thread_blocked, id=281220, stack(0x000000001bfc0000,0x000000001c0c0000)]
  0x00000000202b6800 JavaThread "Daemon worker Thread 2" [_thread_blocked, id=281636, stack(0x000000001bec0000,0x000000001bfc0000)]
  0x00000000202b1800 JavaThread "Cancel handler" [_thread_blocked, id=281824, stack(0x000000001bbc0000,0x000000001bcc0000)]
  0x00000000202af000 JavaThread "Handler for socket connection from /127.0.0.1:49171 to /127.0.0.1:49257" [_thread_in_native, id=282448, stack(0x000000001bac0000,0x000000001bbc0000)]
  0x00000000202b0000 JavaThread "Daemon Thread 2" [_thread_blocked, id=281676, stack(0x0000000001450000,0x0000000001550000)]
  0x000000001997d800 JavaThread "Cache worker for file content cache (C:\Users\TNH\.gradle\caches\5.6.4\fileContent)" [_thread_blocked, id=267536, stack(0x0000000022180000,0x0000000022280000)]
  0x0000000019984000 JavaThread "Memory manager" [_thread_blocked, id=264144, stack(0x0000000021b50000,0x0000000021c50000)]
  0x0000000019981000 JavaThread "Cache worker for execution history cache (C:\Users\TNH\.gradle\caches\5.6.4\executionHistory)" [_thread_blocked, id=280140, stack(0x000000001fb80000,0x000000001fc80000)]
  0x000000001937e000 JavaThread "Cache worker for journal cache (C:\Users\TNH\.gradle\caches\journal-1)" [_thread_blocked, id=279420, stack(0x000000001c7c0000,0x000000001c8c0000)]
  0x000000001937d000 JavaThread "File lock request listener" [_thread_in_native, id=277172, stack(0x000000001c6c0000,0x000000001c7c0000)]
  0x0000000019381000 JavaThread "Cache worker for file hash cache (C:\Users\TNH\.gradle\caches\5.6.4\fileHashes)" [_thread_blocked, id=278244, stack(0x000000001c5c0000,0x000000001c6c0000)]
  0x000000001a292800 JavaThread "Daemon periodic checks" [_thread_blocked, id=263020, stack(0x000000001b9c0000,0x000000001bac0000)]
  0x000000001a290000 JavaThread "Incoming local TCP Connector on port 49171" [_thread_in_native, id=277664, stack(0x000000001b750000,0x000000001b850000)]
  0x0000000018c5b800 JavaThread "Daemon health stats" [_thread_blocked, id=279936, stack(0x000000001b110000,0x000000001b210000)]
  0x00000000183a0800 JavaThread "Service Thread" daemon [_thread_blocked, id=278904, stack(0x0000000018770000,0x0000000018870000)]
  0x00000000169f8000 JavaThread "C1 CompilerThread2" daemon [_thread_blocked, id=273820, stack(0x0000000018270000,0x0000000018370000)]
  0x00000000169ea800 JavaThread "C2 CompilerThread1" daemon [_thread_in_native, id=262880, stack(0x0000000018170000,0x0000000018270000)]
=>0x00000000169e2800 JavaThread "C2 CompilerThread0" daemon [_thread_in_native, id=277200, stack(0x0000000018070000,0x0000000018170000)]
  0x00000000169e8000 JavaThread "Attach Listener" daemon [_thread_blocked, id=278680, stack(0x0000000017f70000,0x0000000018070000)]
  0x00000000169e7000 JavaThread "Signal Dispatcher" daemon [_thread_blocked, id=274868, stack(0x0000000017e70000,0x0000000017f70000)]
  0x000000000306b800 JavaThread "Finalizer" daemon [_thread_blocked, id=279580, stack(0x0000000017c40000,0x0000000017d40000)]
  0x00000000169c9000 JavaThread "Reference Handler" daemon [_thread_blocked, id=280132, stack(0x0000000017b40000,0x0000000017c40000)]
  0x0000000002e3e000 JavaThread "main" [_thread_blocked, id=277192, stack(0x0000000002e70000,0x0000000002f70000)]

Other Threads:
  0x00000000169a6000 VMThread [stack: 0x0000000017a40000,0x0000000017b40000] [id=266024]
  0x0000000016a3e000 WatcherThread [stack: 0x0000000018870000,0x0000000018970000] [id=279372]

VM state:not at safepoint (normal execution)

VM Mutex/Monitor currently owned by a thread: None

heap address: 0x00000000a0000000, size: 1536 MB, Compressed Oops mode: 32-bit
Narrow klass base: 0x0000000000000000, Narrow klass shift: 3
Compressed class space size: 1073741824 Address: 0x0000000100000000

Heap:
 PSYoungGen      total 465920K, used 128953K [0x00000000e0000000, 0x0000000100000000, 0x0000000100000000)
  eden space 417792K, 30% used [0x00000000e0000000,0x00000000e7dee410,0x00000000f9800000)
  from space 48128K, 0% used [0x00000000fd100000,0x00000000fd100000,0x0000000100000000)
  to   space 53248K, 0% used [0x00000000f9800000,0x00000000f9800000,0x00000000fcc00000)
 ParOldGen       total 224768K, used 76754K [0x00000000a0000000, 0x00000000adb80000, 0x00000000e0000000)
  object space 224768K, 34% used [0x00000000a0000000,0x00000000a4af4978,0x00000000adb80000)
 Metaspace       used 99025K, capacity 102692K, committed 102912K, reserved 1136640K
  class space    used 13965K, capacity 14733K, committed 14848K, reserved 1048576K

Card table byte_map: [0x0000000012430000,0x0000000012740000] byte_map_base: 0x0000000011f30000

Marking Bits: (ParMarkBitMap*) 0x0000000077f7f030
 Begin Bits: [0x0000000012d40000, 0x0000000014540000)
 End Bits:   [0x0000000014540000, 0x0000000015d40000)

Polling page: 0x0000000002d60000

CodeCache: size=245760Kb used=52259Kb max_used=52344Kb free=193500Kb
 bounds [0x0000000003070000, 0x0000000006450000, 0x0000000012070000]
 total_blobs=15852 nmethods=14953 adapters=809
 compilation: enabled

Compilation events (10 events):
Event: 643.743 Thread 0x00000000169f8000 18835       1       com.sun.tools.javac.tree.JCTree$JCImport::getTag (4 bytes)
Event: 643.743 Thread 0x00000000169f8000 nmethod 18835 0x00000000060a5b10 code [0x00000000060a5c60, 0x00000000060a5d70]
Event: 643.755 Thread 0x00000000169f8000 18837       2       com.sun.tools.javac.tree.TreeMaker::Apply (24 bytes)
Event: 643.755 Thread 0x00000000169f8000 nmethod 18837 0x00000000060a5710 code [0x00000000060a5860, 0x00000000060a5a70]
Event: 643.755 Thread 0x00000000169f8000 18840       1       com.sun.tools.javac.tree.JCTree$JCClassDecl::getTag (4 bytes)
Event: 643.755 Thread 0x00000000169f8000 nmethod 18840 0x00000000060a5450 code [0x00000000060a55a0, 0x00000000060a56b0]
Event: 643.755 Thread 0x00000000169f8000 18838       2       com.sun.tools.javac.tree.JCTree$JCMethodInvocation::<init> (30 bytes)
Event: 643.756 Thread 0x00000000169f8000 nmethod 18838 0x00000000060a50d0 code [0x00000000060a5220, 0x00000000060a53b0]
Event: 643.756 Thread 0x00000000169f8000 18839       3       com.sun.tools.javac.comp.AttrContext::dup (95 bytes)
Event: 643.756 Thread 0x00000000169f8000 nmethod 18839 0x00000000060a4bd0 code [0x00000000060a4d40, 0x00000000060a5008]

GC Heap History (10 events):
Event: 117.612 GC heap before
{Heap before GC invocations=23 (full 4):
 PSYoungGen      total 398848K, used 398471K [0x00000000e0000000, 0x00000000fca80000, 0x0000000100000000)
  eden space 373248K, 99% used [0x00000000e0000000,0x00000000f6c55110,0x00000000f6c80000)
  from space 25600K, 99% used [0x00000000fb180000,0x00000000fca4cd70,0x00000000fca80000)
  to   space 48128K, 0% used [0x00000000f6c80000,0x00000000f6c80000,0x00000000f9b80000)
 ParOldGen       total 237568K, used 120479K [0x00000000a0000000, 0x00000000ae800000, 0x00000000e0000000)
  object space 237568K, 50% used [0x00000000a0000000,0x00000000a75a7c20,0x00000000ae800000)
 Metaspace       used 76431K, capacity 79656K, committed 79744K, reserved 1118208K
  class space    used 10200K, capacity 10851K, committed 10880K, reserved 1048576K
Event: 117.636 GC heap after
Heap after GC invocations=23 (full 4):
 PSYoungGen      total 421376K, used 9696K [0x00000000e0000000, 0x00000000ffa00000, 0x0000000100000000)
  eden space 373248K, 0% used [0x00000000e0000000,0x00000000e0000000,0x00000000f6c80000)
  from space 48128K, 20% used [0x00000000f6c80000,0x00000000f75f80c8,0x00000000f9b80000)
  to   space 47104K, 0% used [0x00000000fcc00000,0x00000000fcc00000,0x00000000ffa00000)
 ParOldGen       total 237568K, used 120487K [0x00000000a0000000, 0x00000000ae800000, 0x00000000e0000000)
  object space 237568K, 50% used [0x00000000a0000000,0x00000000a75a9c20,0x00000000ae800000)
 Metaspace       used 76431K, capacity 79656K, committed 79744K, reserved 1118208K
  class space    used 10200K, capacity 10851K, committed 10880K, reserved 1048576K
}
Event: 585.929 GC heap before
{Heap before GC invocations=24 (full 4):
 PSYoungGen      total 421376K, used 382944K [0x00000000e0000000, 0x00000000ffa00000, 0x0000000100000000)
  eden space 373248K, 100% used [0x00000000e0000000,0x00000000f6c80000,0x00000000f6c80000)
  from space 48128K, 20% used [0x00000000f6c80000,0x00000000f75f80c8,0x00000000f9b80000)
  to   space 47104K, 0% used [0x00000000fcc00000,0x00000000fcc00000,0x00000000ffa00000)
 ParOldGen       total 237568K, used 120487K [0x00000000a0000000, 0x00000000ae800000, 0x00000000e0000000)
  object space 237568K, 50% used [0x00000000a0000000,0x00000000a75a9c20,0x00000000ae800000)
 Metaspace       used 83658K, capacity 87232K, committed 87296K, reserved 1124352K
  class space    used 10996K, capacity 11739K, committed 11776K, reserved 1048576K
Event: 586.081 GC heap after
Heap after GC invocations=24 (full 4):
 PSYoungGen      total 456704K, used 29996K [0x00000000e0000000, 0x00000000ff480000, 0x0000000100000000)
  eden space 415232K, 0% used [0x00000000e0000000,0x00000000e0000000,0x00000000f9580000)
  from space 41472K, 72% used [0x00000000fcc00000,0x00000000fe94b2a8,0x00000000ff480000)
  to   space 48640K, 0% used [0x00000000f9580000,0x00000000f9580000,0x00000000fc500000)
 ParOldGen       total 237568K, used 120495K [0x00000000a0000000, 0x00000000ae800000, 0x00000000e0000000)
  object space 237568K, 50% used [0x00000000a0000000,0x00000000a75abc20,0x00000000ae800000)
 Metaspace       used 83658K, capacity 87232K, committed 87296K, reserved 1124352K
  class space    used 10996K, capacity 11739K, committed 11776K, reserved 1048576K
}
Event: 602.981 GC heap before
{Heap before GC invocations=25 (full 4):
 PSYoungGen      total 456704K, used 445228K [0x00000000e0000000, 0x00000000ff480000, 0x0000000100000000)
  eden space 415232K, 100% used [0x00000000e0000000,0x00000000f9580000,0x00000000f9580000)
  from space 41472K, 72% used [0x00000000fcc00000,0x00000000fe94b2a8,0x00000000ff480000)
  to   space 48640K, 0% used [0x00000000f9580000,0x00000000f9580000,0x00000000fc500000)
 ParOldGen       total 237568K, used 120495K [0x00000000a0000000, 0x00000000ae800000, 0x00000000e0000000)
  object space 237568K, 50% used [0x00000000a0000000,0x00000000a75abc20,0x00000000ae800000)
 Metaspace       used 83896K, capacity 87512K, committed 87552K, reserved 1124352K
  class space    used 11017K, capacity 11741K, committed 11776K, reserved 1048576K
Event: 603.078 GC heap after
Heap after GC invocations=25 (full 4):
 PSYoungGen      total 463872K, used 26388K [0x00000000e0000000, 0x0000000100000000, 0x0000000100000000)
  eden space 415232K, 0% used [0x00000000e0000000,0x00000000e0000000,0x00000000f9580000)
  from space 48640K, 54% used [0x00000000f9580000,0x00000000faf45398,0x00000000fc500000)
  to   space 48128K, 0% used [0x00000000fd100000,0x00000000fd100000,0x0000000100000000)
 ParOldGen       total 237568K, used 120503K [0x00000000a0000000, 0x00000000ae800000, 0x00000000e0000000)
  object space 237568K, 50% used [0x00000000a0000000,0x00000000a75adc20,0x00000000ae800000)
 Metaspace       used 83896K, capacity 87512K, committed 87552K, reserved 1124352K
  class space    used 11017K, capacity 11741K, committed 11776K, reserved 1048576K
}
Event: 631.723 GC heap before
{Heap before GC invocations=26 (full 4):
 PSYoungGen      total 463872K, used 303260K [0x00000000e0000000, 0x0000000100000000, 0x0000000100000000)
  eden space 415232K, 66% used [0x00000000e0000000,0x00000000f0e61db8,0x00000000f9580000)
  from space 48640K, 54% used [0x00000000f9580000,0x00000000faf45398,0x00000000fc500000)
  to   space 48128K, 0% used [0x00000000fd100000,0x00000000fd100000,0x0000000100000000)
 ParOldGen       total 237568K, used 120503K [0x00000000a0000000, 0x00000000ae800000, 0x00000000e0000000)
  object space 237568K, 50% used [0x00000000a0000000,0x00000000a75adc20,0x00000000ae800000)
 Metaspace       used 94367K, capacity 98026K, committed 98176K, reserved 1136640K
  class space    used 13379K, capacity 14158K, committed 14208K, reserved 1048576K
Event: 631.967 GC heap after
Heap after GC invocations=26 (full 4):
 PSYoungGen      total 465920K, used 41467K [0x00000000e0000000, 0x0000000100000000, 0x0000000100000000)
  eden space 417792K, 0% used [0x00000000e0000000,0x00000000e0000000,0x00000000f9800000)
  from space 48128K, 86% used [0x00000000fd100000,0x00000000ff97ed80,0x0000000100000000)
  to   space 53248K, 0% used [0x00000000f9800000,0x00000000f9800000,0x00000000fcc00000)
 ParOldGen       total 237568K, used 120511K [0x00000000a0000000, 0x00000000ae800000, 0x00000000e0000000)
  object space 237568K, 50% used [0x00000000a0000000,0x00000000a75afc20,0x00000000ae800000)
 Metaspace       used 94367K, capacity 98026K, committed 98176K, reserved 1136640K
  class space    used 13379K, capacity 14158K, committed 14208K, reserved 1048576K
}
Event: 631.967 GC heap before
{Heap before GC invocations=27 (full 5):
 PSYoungGen      total 465920K, used 41467K [0x00000000e0000000, 0x0000000100000000, 0x0000000100000000)
  eden space 417792K, 0% used [0x00000000e0000000,0x00000000e0000000,0x00000000f9800000)
  from space 48128K, 86% used [0x00000000fd100000,0x00000000ff97ed80,0x0000000100000000)
  to   space 53248K, 0% used [0x00000000f9800000,0x00000000f9800000,0x00000000fcc00000)
 ParOldGen       total 237568K, used 120511K [0x00000000a0000000, 0x00000000ae800000, 0x00000000e0000000)
  object space 237568K, 50% used [0x00000000a0000000,0x00000000a75afc20,0x00000000ae800000)
 Metaspace       used 94367K, capacity 98026K, committed 98176K, reserved 1136640K
  class space    used 13379K, capacity 14158K, committed 14208K, reserved 1048576K
Event: 635.589 GC heap after
Heap after GC invocations=27 (full 5):
 PSYoungGen      total 465920K, used 0K [0x00000000e0000000, 0x0000000100000000, 0x0000000100000000)
  eden space 417792K, 0% used [0x00000000e0000000,0x00000000e0000000,0x00000000f9800000)
  from space 48128K, 0% used [0x00000000fd100000,0x00000000fd100000,0x0000000100000000)
  to   space 53248K, 0% used [0x00000000f9800000,0x00000000f9800000,0x00000000fcc00000)
 ParOldGen       total 224768K, used 76754K [0x00000000a0000000, 0x00000000adb80000, 0x00000000e0000000)
  object space 224768K, 34% used [0x00000000a0000000,0x00000000a4af4978,0x00000000adb80000)
 Metaspace       used 94365K, capacity 98020K, committed 98176K, reserved 1134592K
  class space    used 13378K, capacity 14157K, committed 14208K, reserved 1048576K
}

Deoptimization events (10 events):
Event: 643.201 Thread 0x00000000202be800 Uncommon trap: reason=class_check action=maybe_recompile pc=0x0000000005135e48 method=com.sun.tools.javac.util.List.prependList(Lcom/sun/tools/javac/util/List;)Lcom/sun/tools/javac/util/List; @ 1
Event: 643.224 Thread 0x00000000202be800 Uncommon trap: reason=bimorphic action=maybe_recompile pc=0x0000000005fee0ec method=com.sun.tools.javac.code.Type$ClassType.accept(Lcom/sun/tools/javac/code/Type$Visitor;Ljava/lang/Object;)Ljava/lang/Object; @ 3
Event: 643.225 Thread 0x00000000202be800 Uncommon trap: reason=bimorphic action=maybe_recompile pc=0x0000000005fee0ec method=com.sun.tools.javac.code.Type$ClassType.accept(Lcom/sun/tools/javac/code/Type$Visitor;Ljava/lang/Object;)Ljava/lang/Object; @ 3
Event: 643.225 Thread 0x00000000202be800 Uncommon trap: reason=bimorphic action=maybe_recompile pc=0x0000000005fee0ec method=com.sun.tools.javac.code.Type$ClassType.accept(Lcom/sun/tools/javac/code/Type$Visitor;Ljava/lang/Object;)Ljava/lang/Object; @ 3
Event: 643.225 Thread 0x00000000202be800 Uncommon trap: reason=bimorphic action=maybe_recompile pc=0x0000000005fee0ec method=com.sun.tools.javac.code.Type$ClassType.accept(Lcom/sun/tools/javac/code/Type$Visitor;Ljava/lang/Object;)Ljava/lang/Object; @ 3
Event: 643.536 Thread 0x00000000202be800 Uncommon trap: reason=unstable_if action=reinterpret pc=0x0000000005dbffec method=java.lang.CharacterDataLatin1.isJavaIdentifierPart(I)Z @ 11
Event: 643.548 Thread 0x00000000202be800 Uncommon trap: reason=unstable_if action=reinterpret pc=0x0000000004db83fc method=java.lang.CharacterDataLatin1.isJavaIdentifierPart(I)Z @ 11
Event: 643.556 Thread 0x00000000202be800 Uncommon trap: reason=unstable_if action=reinterpret pc=0x0000000005fe3814 method=com.sun.tools.javac.comp.Resolve.findImmediateMemberType(Lcom/sun/tools/javac/comp/Env;Lcom/sun/tools/javac/code/Type;Lcom/sun/tools/javac/util/Name;Lcom/sun/tools/javac/cod
Event: 643.557 Thread 0x00000000202be800 Uncommon trap: reason=class_check action=maybe_recompile pc=0x0000000005135e48 method=com.sun.tools.javac.util.List.prependList(Lcom/sun/tools/javac/util/List;)Lcom/sun/tools/javac/util/List; @ 1
Event: 643.559 Thread 0x00000000202be800 Uncommon trap: reason=class_check action=maybe_recompile pc=0x0000000005135e48 method=com.sun.tools.javac.util.List.prependList(Lcom/sun/tools/javac/util/List;)Lcom/sun/tools/javac/util/List; @ 1

Classes redefined (0 events):
No events

Internal exceptions (10 events):
Event: 603.296 Thread 0x0000000019985000 Exception <a 'sun/nio/fs/WindowsException'> (0x00000000e01fec90) thrown at [C:\src\AOSP-openjdk-git\hotspot\src\share\vm\prims\jni.cpp, line 710]
Event: 614.238 Thread 0x000000001997f000 Exception <a 'sun/nio/fs/WindowsException'> (0x00000000e7303a40) thrown at [C:\src\AOSP-openjdk-git\hotspot\src\share\vm\prims\jni.cpp, line 710]
Event: 618.173 Thread 0x0000000019985800 Exception <a 'sun/nio/fs/WindowsException'> (0x00000000e8e64ee0) thrown at [C:\src\AOSP-openjdk-git\hotspot\src\share\vm\prims\jni.cpp, line 710]
Event: 618.174 Thread 0x0000000019985800 Exception <a 'sun/nio/fs/WindowsException'> (0x00000000e8e65388) thrown at [C:\src\AOSP-openjdk-git\hotspot\src\share\vm\prims\jni.cpp, line 710]
Event: 630.428 Thread 0x00000000202be800 Implicit null exception at 0x00000000054ea48f to 0x00000000054ea5c5
Event: 630.469 Thread 0x00000000202be800 Implicit null exception at 0x00000000050fe89c to 0x00000000050fea61
Event: 630.469 Thread 0x00000000202be800 Implicit null exception at 0x00000000050fe89c to 0x00000000050fea61
Event: 630.666 Thread 0x00000000202be800 Implicit null exception at 0x0000000005eb176c to 0x0000000005eb1822
Event: 631.643 Thread 0x00000000202be800 Implicit null exception at 0x0000000005eb1acc to 0x0000000005eb1ba5
Event: 639.682 Thread 0x00000000202be800 Implicit null exception at 0x000000000567a5ef to 0x000000000567abf9

Events (10 events):
Event: 643.556 Thread 0x00000000202be800 DEOPT PACKING pc=0x0000000005fe3814 sp=0x000000002391a630
Event: 643.556 Thread 0x00000000202be800 DEOPT UNPACKING pc=0x00000000030b557b sp=0x000000002391a5e8 mode 2
Event: 643.557 Thread 0x00000000202be800 Uncommon trap: trap_request=0xffffffde fr.pc=0x0000000005135e48
Event: 643.557 Thread 0x00000000202be800 DEOPT PACKING pc=0x0000000005135e48 sp=0x000000002391abf0
Event: 643.557 Thread 0x00000000202be800 DEOPT UNPACKING pc=0x00000000030b557b sp=0x000000002391ab90 mode 2
Event: 643.559 Thread 0x00000000202be800 Uncommon trap: trap_request=0xffffffde fr.pc=0x0000000005135e48
Event: 643.559 Thread 0x00000000202be800 DEOPT PACKING pc=0x0000000005135e48 sp=0x000000002391abf0
Event: 643.559 Thread 0x00000000202be800 DEOPT UNPACKING pc=0x00000000030b557b sp=0x000000002391ab90 mode 2
Event: 643.695 loading class com/sun/tools/javac/code/Symbol$VarSymbol$2
Event: 643.695 loading class com/sun/tools/javac/code/Symbol$VarSymbol$2 done


Dynamic libraries:
0x00007ff64d6a0000 - 0x00007ff64d6d1000 	C:\Program Files\Android\Android Studio\jre\bin\java.exe
0x00007ffea1850000 - 0x00007ffea1a45000 	C:\WINDOWS\SYSTEM32\ntdll.dll
0x00007ffea10a0000 - 0x00007ffea115d000 	C:\WINDOWS\System32\KERNEL32.DLL
0x00007ffe9f300000 - 0x00007ffe9f5c8000 	C:\WINDOWS\System32\KERNELBASE.dll
0x00007ffea0800000 - 0x00007ffea08ac000 	C:\WINDOWS\System32\ADVAPI32.dll
0x00007ffea1770000 - 0x00007ffea180e000 	C:\WINDOWS\System32\msvcrt.dll
0x00007ffea0a60000 - 0x00007ffea0afb000 	C:\WINDOWS\System32\sechost.dll
0x00007ffea1640000 - 0x00007ffea176b000 	C:\WINDOWS\System32\RPCRT4.dll
0x00007ffe9fc70000 - 0x00007ffe9fe10000 	C:\WINDOWS\System32\USER32.dll
0x00007ffe9f880000 - 0x00007ffe9f8a2000 	C:\WINDOWS\System32\win32u.dll
0x00007ffea13c0000 - 0x00007ffea13ea000 	C:\WINDOWS\System32\GDI32.dll
0x00007ffe9ef90000 - 0x00007ffe9f09b000 	C:\WINDOWS\System32\gdi32full.dll
0x00007ffe9f7e0000 - 0x00007ffe9f87d000 	C:\WINDOWS\System32\msvcp_win.dll
0x00007ffe9f6e0000 - 0x00007ffe9f7e0000 	C:\WINDOWS\System32\ucrtbase.dll
0x00007ffe8da60000 - 0x00007ffe8dcfa000 	C:\WINDOWS\WinSxS\amd64_microsoft.windows.common-controls_6595b64144ccf1df_6.0.19041.844_none_ca00b6081b84eb1d\COMCTL32.dll
0x00007ffea1460000 - 0x00007ffea1490000 	C:\WINDOWS\System32\IMM32.DLL
0x0000000050490000 - 0x0000000050562000 	C:\Program Files\Android\Android Studio\jre\jre\bin\msvcr100.dll
0x00000000777b0000 - 0x0000000077ffb000 	C:\Program Files\Android\Android Studio\jre\jre\bin\server\jvm.dll
0x00007ffe9ffd0000 - 0x00007ffe9ffd8000 	C:\WINDOWS\System32\PSAPI.DLL
0x00007ffe8c080000 - 0x00007ffe8c08a000 	C:\WINDOWS\SYSTEM32\VERSION.dll
0x00007ffe8f0a0000 - 0x00007ffe8f0c7000 	C:\WINDOWS\SYSTEM32\WINMM.dll
0x00007ffe8abe0000 - 0x00007ffe8abe9000 	C:\WINDOWS\SYSTEM32\WSOCK32.dll
0x00007ffea13f0000 - 0x00007ffea145b000 	C:\WINDOWS\System32\WS2_32.dll
0x00007ffe99c30000 - 0x00007ffe99c3f000 	C:\Program Files\Android\Android Studio\jre\jre\bin\verify.dll
0x00007ffe8dfd0000 - 0x00007ffe8dff9000 	C:\Program Files\Android\Android Studio\jre\jre\bin\java.dll
0x00007ffe98960000 - 0x00007ffe98976000 	C:\Program Files\Android\Android Studio\jre\jre\bin\zip.dll
0x00007ffe9ffe0000 - 0x00007ffea0722000 	C:\WINDOWS\System32\SHELL32.dll
0x00007ffe9cd50000 - 0x00007ffe9d4e1000 	C:\WINDOWS\SYSTEM32\windows.storage.dll
0x00007ffe9f910000 - 0x00007ffe9fc65000 	C:\WINDOWS\System32\combase.dll
0x00007ffe9e930000 - 0x00007ffe9e95c000 	C:\WINDOWS\SYSTEM32\Wldp.dll
0x00007ffea14f0000 - 0x00007ffea159e000 	C:\WINDOWS\System32\SHCORE.dll
0x00007ffea1160000 - 0x00007ffea11b5000 	C:\WINDOWS\System32\shlwapi.dll
0x00007ffe9eed0000 - 0x00007ffe9eeef000 	C:\WINDOWS\SYSTEM32\profapi.dll
0x00007ffe98540000 - 0x00007ffe9855a000 	C:\Program Files\Android\Android Studio\jre\jre\bin\net.dll
0x00007ffe9e6a0000 - 0x00007ffe9e70a000 	C:\WINDOWS\system32\mswsock.dll
0x00007ffe97700000 - 0x00007ffe97713000 	C:\Program Files\Android\Android Studio\jre\jre\bin\nio.dll
0x00007ffe8d340000 - 0x00007ffe8d366000 	C:\Users\TNH\.gradle\native\30\windows-amd64\native-platform.dll
0x00007ffe98b30000 - 0x00007ffe98b3d000 	C:\Program Files\Android\Android Studio\jre\jre\bin\management.dll
0x00007ffe9e870000 - 0x00007ffe9e888000 	C:\WINDOWS\SYSTEM32\CRYPTSP.dll
0x00007ffe9e040000 - 0x00007ffe9e074000 	C:\WINDOWS\system32\rsaenh.dll
0x00007ffe9f5d0000 - 0x00007ffe9f5f7000 	C:\WINDOWS\System32\bcrypt.dll
0x00007ffe9ee50000 - 0x00007ffe9ee7e000 	C:\WINDOWS\SYSTEM32\USERENV.dll
0x00007ffe9f660000 - 0x00007ffe9f6e0000 	C:\WINDOWS\System32\bcryptprimitives.dll
0x00007ffe9e890000 - 0x00007ffe9e89c000 	C:\WINDOWS\SYSTEM32\CRYPTBASE.dll
0x00007ffe9e390000 - 0x00007ffe9e3cb000 	C:\WINDOWS\SYSTEM32\IPHLPAPI.DLL
0x00007ffea0f70000 - 0x00007ffea0f78000 	C:\WINDOWS\System32\NSI.dll
0x00007ffe933a0000 - 0x00007ffe933b7000 	C:\WINDOWS\SYSTEM32\dhcpcsvc6.DLL
0x00007ffe934a0000 - 0x00007ffe934bd000 	C:\WINDOWS\SYSTEM32\dhcpcsvc.DLL
0x00007ffe9e3d0000 - 0x00007ffe9e49c000 	C:\WINDOWS\SYSTEM32\DNSAPI.dll

VM Arguments:
jvm_args: -Xmx1536m -Dfile.encoding=windows-1252 -Duser.country=FR -Duser.language=fr -Duser.variant 
java_command: org.gradle.launcher.daemon.bootstrap.GradleDaemon 5.6.4
java_class_path (initial): C:\Users\TNH\.gradle\wrapper\dists\gradle-5.6.4-all\ankdp27end7byghfw1q2sw75f\gradle-5.6.4\lib\gradle-launcher-5.6.4.jar
Launcher Type: SUN_STANDARD

Environment Variables:
JAVA_HOME=C:\Program Files\Java\jdk-11.0.2
PATH=C:\Program Files (x86)\Common Files\Oracle\Java\javapath;C:\Program Files (x86)\Intel\iCLS Client\;C:\Program Files\Intel\iCLS Client\;C:\Windows\system32;C:\Windows;C:\Windows\System32\Wbem;C:\Windows\System32\WindowsPowerShell\v1.0\;C:\Program Files (x86)\Acer\abFiles\;C:\Program Files\Intel\WiFi\bin\;C:\Program Files\Common Files\Intel\WirelessCommon\;C:\WINDOWS\system32;C:\WINDOWS;C:\WINDOWS\System32\Wbem;C:\WINDOWS\System32\WindowsPowerShell\v1.0\;C:\Program Files\Intel\Intel(R) Management Engine Components\DAL;C:\Program Files\Intel\Intel(R) Management Engine Components\IPT;C:\Program Files (x86)\Skype\Phone\;C:\WINDOWS\System32\OpenSSH\;C:\Program Files (x86)\Calibre2\;C:\Program Files\Git\cmd;C:\Program Files\Java\jdk-11.0.2\bin;C:\Program Files\nodejs\;C:\Users\TNH\AppData\Local\Programs\Python\Python37-32\Scripts\;C:\Users\TNH\AppData\Local\Programs\Python\Python37-32\;C:\Program Files\Java\jdk-11.0.2\bin;C:\Users\TNH\AppData\Local\Microsoft\WindowsApps;C:\Users\TNH\AppData\Local\Programs\Microsoft VS Code\bin;C:\Users\TNH\AppData\Roaming\npm;C:\Users\TNH\grails-4.0.6\bin;C:\Users\TNH\grails-4.0.6;
USERNAME=TNH
OS=Windows_NT
PROCESSOR_IDENTIFIER=Intel64 Family 6 Model 61 Stepping 4, GenuineIntel



---------------  S Y S T E M  ---------------

OS: Windows 10.0 , 64 bit Build 19041 (10.0.19041.928)

CPU:total 4 (initial active 4) (2 cores per cpu, 2 threads per core) family 6 model 61 stepping 4, cmov, cx8, fxsr, mmx, sse, sse2, sse3, ssse3, sse4.1, sse4.2, popcnt, avx, avx2, aes, clmul, erms, 3dnowpref, lzcnt, ht, tsc, tscinvbit, bmi1, bmi2, adx

Memory: 4k page, physical 8301904k(463080k free), swap 18541904k(5820k free)

vm_info: OpenJDK 64-Bit Server VM (25.242-b01) for windows-amd64 JRE (1.8.0_242-release-1644-b01), built by "builder" with MS VC++ 10.0 (VS2010)

time: Thu Apr 29 22:38:33 2021
timezone: Paris, Madrid (heure d’été)
elapsed time: 643 seconds (0d 0h 10m 43s)

